Build started 10-08-2019 20:20:45.
     1>Project "D:\manishprashant\day3\day3\day3.vcxproj" on node 2 (Build target(s)).
     1>Link:
         C:\Program Files (x86)\Microsoft Visual Studio 11.0\VC\bin\link.exe /ERRORREPORT:PROMPT /OUT:"D:\manishprashant\day3\Debug\day3.exe" /INCREMENTAL /NOLOGO kernel32.lib user32.lib gdi32.lib winspool.lib comdlg32.lib advapi32.lib shell32.lib ole32.lib oleaut32.lib uuid.lib odbc32.lib odbccp32.lib /MANIFEST /MANIFESTUAC:"level='asInvoker' uiAccess='false'" /manifest:embed /DEBUG /PDB:"D:\manishprashant\day3\Debug\day3.pdb" /TLBID:1 /DYNAMICBASE /NXCOMPAT /IMPLIB:"D:\manishprashant\day3\Debug\day3.lib" /MACHINE:X86 Debug\main.obj
     1>main.obj : error LNK2019: unresolved external symbol _primeno referenced in function _primeN
     1>D:\manishprashant\day3\Debug\day3.exe : fatal error LNK1120: 1 unresolved externals
     1>Done Building Project "D:\manishprashant\day3\day3\day3.vcxproj" (Build target(s)) -- FAILED.

Build FAILED.

Time Elapsed 00:00:00.26
